<!DOCTYPE html PUBLIC "-//W3C//DTD XHTML 1.1//EN" "https://www.w3.org/TR/xhtml11/DTD/xhtml11.dtd">
<html xmlns="https://www.w3.org/1999/xhtml">
<head>
<meta http-equiv="content-type" content="text/html; charset=UTF-8"/>
<title>TestNG Report</title>
<style type="text/css">table {margin-bottom:10px;border-collapse:collapse;empty-cells:show}th,td {border:1px solid #009;padding:.25em .5em}th {vertical-align:bottom}td {vertical-align:top}table a {font-weight:bold}.stripe td {background-color: #E6EBF9}.num {text-align:right}.passedodd td {background-color: #3F3}.passedeven td {background-color: #0A0}.skippedodd td {background-color: #DDD}.skippedeven td {background-color: #CCC}.failedodd td,.attn {background-color: #F33}.failedeven td,.stripe .attn {background-color: #D00}.stacktrace {white-space:pre;font-family:monospace}.totop {font-size:85%;text-align:center;border-bottom:2px solid #000}.invisible {display:none}</style>
</head>
<body>
<table>
<tr><th>Test</th><th># Passed</th><th># Skipped</th><th># Retried</th><th># Failed</th><th>Time (ms)</th><th>Included Groups</th><th>Excluded Groups</th></tr>
<tr><th colspan="8">Unified Portal Test Cases</th></tr>
<tr><td><a href="#t0">Test</a></td><td class="num">2</td><td class="num">0</td><td class="num">0</td><td class="num">0</td><td class="num">35,379</td><td></td><td></td></tr>
<tr class="stripe"><td><a href="#t1">Personal Information</a></td><td class="num">6</td><td class="num">0</td><td class="num">0</td><td class="num">0</td><td class="num">23,554</td><td></td><td></td></tr>
<tr><td><a href="#t2">Academic Information</a></td><td class="num">8</td><td class="num">0</td><td class="num">0</td><td class="num attn">2</td><td class="num">68,051</td><td></td><td></td></tr>
<tr><th>Total</th><th class="num">16</th><th class="num">0</th><th class="num">0</th><th class="num attn">2</th><th class="num">126,984</th><th colspan="2"></th></tr>
</table>
<table id='summary'><thead><tr><th>Class</th><th>Method</th><th>Start</th><th>Time (ms)</th></tr></thead><tbody><tr><th colspan="4">Unified Portal Test Cases</th></tr></tbody><tbody id="t0"><tr><th colspan="4">Test &#8212; passed</th></tr><tr class="passedeven"><td rowspan="2">Tests.Login</td><td><a href="#m0">doLogIn</a></td><td rowspan="2">1641640251595</td><td rowspan="2">11590</td></tr><tr class="passedeven"><td><a href="#m1">doLogIn</a></td></tr></tbody>
<tbody id="t1"><tr><th colspan="4">Personal Information &#8212; passed</th></tr><tr class="passedeven"><td rowspan="6">Tests.PersonalInformation</td><td><a href="#m2">clickonBoardAcademicInfoPage</a></td><td rowspan="1">1641640296504</td><td rowspan="1">286</td></tr><tr class="passedeven"><td><a href="#m3">doLogIn</a></td><td rowspan="2">1641640277573</td><td rowspan="2">9122</td></tr><tr class="passedeven"><td><a href="#m4">doLogIn</a></td></tr><tr class="passedeven"><td><a href="#m5">getAdmissionsServicesMastersProductsPage</a></td><td rowspan="1">1641640294131</td><td rowspan="1">2370</td></tr><tr class="passedeven"><td><a href="#m6">getBasicPage</a></td><td rowspan="1">1641640288696</td><td rowspan="1">5429</td></tr><tr class="passedeven"><td><a href="#m7">validateNegativeOnboardingPersonalInfo</a></td><td rowspan="1">1641640296796</td><td rowspan="1">2451</td></tr></tbody>
<tbody id="t2"><tr><th colspan="4">Academic Information &#8212; failed</th></tr><tr class="failedeven"><td rowspan="2">Tests.Sslc</td><td><a href="#m8">clickAddDetailsAndTenthGradeButton</a></td><td rowspan="1">1641640299279</td><td rowspan="1">471</td></tr><tr class="failedeven"><td><a href="#m9">validateNegativeTenthGradeInfo</a></td><td rowspan="1">1641640299762</td><td rowspan="1">50</td></tr><tr><th colspan="4">Academic Information &#8212; passed</th></tr><tr class="passedeven"><td rowspan="2">Tests.Diploma</td><td><a href="#m10">clickAddDetailsAndDiplomaButton</a></td><td rowspan="1">1641640325001</td><td rowspan="1">487</td></tr><tr class="passedeven"><td><a href="#m11">validateNegativeDiplomaInfo</a></td><td rowspan="1">1641640325491</td><td rowspan="1">12540</td></tr><tr class="passedodd"><td rowspan="2">Tests.PlusTwo</td><td><a href="#m12">clickAddDetailsAndPlus2GradeButton</a></td><td rowspan="1">1641640299817</td><td rowspan="1">568</td></tr><tr class="passedodd"><td><a href="#m13">validateNegativePlus2GradeInfo</a></td><td rowspan="1">1641640300388</td><td rowspan="1">24611</td></tr><tr class="passedeven"><td rowspan="2">Tests.PostGraduate</td><td><a href="#m14">clickAddDetailsAndPostGradGradeButton</a></td><td rowspan="1">1641640353828</td><td rowspan="1">492</td></tr><tr class="passedeven"><td><a href="#m15">validateNegativePostGradInfo</a></td><td rowspan="1">1641640354322</td><td rowspan="1">12995</td></tr><tr class="passedodd"><td rowspan="2">Tests.UnderGraduate</td><td><a href="#m16">clickAddDetailsAndUnderGradGradeButton</a></td><td rowspan="1">1641640338033</td><td rowspan="1">2906</td></tr><tr class="passedodd"><td><a href="#m17">validateNegativeUnderGradInfo</a></td><td rowspan="1">1641640340943</td><td rowspan="1">12879</td></tr></tbody>
</table>
<h2>Test</h2><h3 id="m0">Tests.Login#doLogIn</h3><table class="result"><tr class="param"><th>Parameter #1</th><th>Parameter #2</th><th>Parameter #3</th></tr><tr class="param stripe"><td>stagetester1@gmail.com</td><td>678968767</td><td>Invalid Password</td></tr><tr><th colspan="3">Messages</th></tr><tr><td colspan="3"><div class="messages">Invalid Password [Popup Detected]</div></td></tr></table><p class="totop"><a href="#summary">back to summary</a></p>
<h3 id="m1">Tests.Login#doLogIn</h3><table class="result"><tr class="param"><th>Parameter #1</th><th>Parameter #2</th><th>Parameter #3</th></tr><tr class="param stripe"><td>testingtester123@gmail.com</td><td>5641234567</td><td>Valid username and password</td></tr><tr><th colspan="3">Messages</th></tr><tr><td colspan="3"><div class="messages">Login Successful</div></td></tr></table><p class="totop"><a href="#summary">back to summary</a></p>
<h2>Personal Information</h2><h3 id="m2">Tests.PersonalInformation#clickonBoardAcademicInfoPage</h3><table class="result"><tr><th>Messages</th></tr><tr><td><div class="messages">Personal Information gets clicked</div></td></tr></table><p class="totop"><a href="#summary">back to summary</a></p>
<h3 id="m3">Tests.PersonalInformation#doLogIn</h3><table class="result"><tr class="param"><th>Parameter #1</th><th>Parameter #2</th><th>Parameter #3</th></tr><tr class="param stripe"><td>stagetester1@gmail.com</td><td>678968767</td><td>Invalid Password</td></tr></table><p class="totop"><a href="#summary">back to summary</a></p>
<h3 id="m4">Tests.PersonalInformation#doLogIn</h3><table class="result"><tr class="param"><th>Parameter #1</th><th>Parameter #2</th><th>Parameter #3</th></tr><tr class="param stripe"><td>testingtester123@gmail.com</td><td>5641234567</td><td>Valid username and password</td></tr></table><p class="totop"><a href="#summary">back to summary</a></p>
<h3 id="m5">Tests.PersonalInformation#getAdmissionsServicesMastersProductsPage</h3><table class="result"><tr><th>Messages</th></tr><tr><td><div class="messages">Onboarding gets clicked</div></td></tr></table><p class="totop"><a href="#summary">back to summary</a></p>
<h3 id="m6">Tests.PersonalInformation#getBasicPage</h3><table class="result"><tr><th class="invisible"/></tr></table><p class="totop"><a href="#summary">back to summary</a></p>
<h3 id="m7">Tests.PersonalInformation#validateNegativeOnboardingPersonalInfo</h3><table class="result"><tr><th>Messages</th></tr><tr><td><div class="messages">Please fill the required field [Popup Detected]</div></td></tr></table><p class="totop"><a href="#summary">back to summary</a></p>
<h2>Academic Information</h2><h3 id="m8">Tests.Sslc#clickAddDetailsAndTenthGradeButton</h3><table class="result"><tr><th>Messages</th></tr><tr><td><div class="messages">Entered into academic information</div></td></tr><tr><th>Exception</th></tr><tr><td><div class="stacktrace">org.openqa.selenium.NoSuchElementException: no such element: Unable to locate element: {&quot;method&quot;:&quot;xpath&quot;,&quot;selector&quot;:&quot;//*[@type=&apos;button&apos;]//*[text()=&apos;10th Grade&apos;]&quot;}
  (Session info: chrome=96.0.4664.110)
For documentation on this error, please visit: https://selenium.dev/exceptions/#no_such_element
Build info: version: &apos;4.1.0&apos;, revision: &apos;87802e897b&apos;
System info: host: &apos;NAREN&apos;, ip: &apos;192.168.225.43&apos;, os.name: &apos;Windows 8.1&apos;, os.arch: &apos;amd64&apos;, os.version: &apos;6.3&apos;, java.version: &apos;11.0.13&apos;
Driver info: org.openqa.selenium.chrome.ChromeDriver
Command: [2e5f301c729f5a4218f78c78b324b3d2, findElement {using=xpath, value=//*[@type=&apos;button&apos;]//*[text()=&apos;10th Grade&apos;]}]
Capabilities {acceptInsecureCerts: false, browserName: chrome, browserVersion: 96.0.4664.110, chrome: {chromedriverVersion: 96.0.4664.35 (8df3babf8da8f..., userDataDir: C:\Users\NARENB~1\AppData\L...}, goog:chromeOptions: {debuggerAddress: localhost:53108}, javascriptEnabled: true, networkConnectionEnabled: false, pageLoadStrategy: normal, platform: WINDOWS, platformName: WINDOWS, proxy: Proxy(), se:cdp: ws://localhost:53108/devtoo..., se:cdpVersion: 96.0.4664.110, setWindowRect: true, strictFileInteractability: false, timeouts: {implicit: 0, pageLoad: 300000, script: 30000}, unhandledPromptBehavior: dismiss and notify, webauthn:extension:credBlob: true, webauthn:extension:largeBlob: true, webauthn:virtualAuthenticators: true}
Session ID: 2e5f301c729f5a4218f78c78b324b3d2
	at org.openqa.selenium.remote.codec.w3c.W3CHttpResponseCodec.createException(W3CHttpResponseCodec.java:200)
	at org.openqa.selenium.remote.codec.w3c.W3CHttpResponseCodec.decode(W3CHttpResponseCodec.java:133)
	at org.openqa.selenium.remote.codec.w3c.W3CHttpResponseCodec.decode(W3CHttpResponseCodec.java:53)
	at org.openqa.selenium.remote.HttpCommandExecutor.execute(HttpCommandExecutor.java:184)
	at org.openqa.selenium.remote.service.DriverCommandExecutor.invokeExecute(DriverCommandExecutor.java:164)
	at org.openqa.selenium.remote.service.DriverCommandExecutor.execute(DriverCommandExecutor.java:139)
	at org.openqa.selenium.remote.RemoteWebDriver.execute(RemoteWebDriver.java:559)
	at org.openqa.selenium.remote.ElementLocation$ElementFinder$2.findElement(ElementLocation.java:162)
	at org.openqa.selenium.remote.ElementLocation.findElement(ElementLocation.java:60)
	at org.openqa.selenium.remote.RemoteWebDriver.findElement(RemoteWebDriver.java:383)
	at org.openqa.selenium.remote.RemoteWebDriver.findElement(RemoteWebDriver.java:375)
	at org.openqa.selenium.support.pagefactory.DefaultElementLocator.findElement(DefaultElementLocator.java:70)
	at org.openqa.selenium.support.pagefactory.internal.LocatingElementHandler.invoke(LocatingElementHandler.java:39)
	at com.sun.proxy.$Proxy25.click(Unknown Source)
	at Tests.Sslc.clickAddDetailsAndTenthGradeButton(Sslc.java:39)
	at java.base/java.util.ArrayList.forEach(ArrayList.java:1541)
... Removed 31 stack frames</div></td></tr></table><p class="totop"><a href="#summary">back to summary</a></p>
<h3 id="m9">Tests.Sslc#validateNegativeTenthGradeInfo</h3><table class="result"><tr><th>Exception</th></tr><tr><td><div class="stacktrace">org.openqa.selenium.NoSuchElementException: no such element: Unable to locate element: {&quot;method&quot;:&quot;xpath&quot;,&quot;selector&quot;:&quot;//*[contains(text(),&apos;School Name&apos;)]/following::input[@name=&apos;schoolName&apos;]&quot;}
  (Session info: chrome=96.0.4664.110)
For documentation on this error, please visit: https://selenium.dev/exceptions/#no_such_element
Build info: version: &apos;4.1.0&apos;, revision: &apos;87802e897b&apos;
System info: host: &apos;NAREN&apos;, ip: &apos;192.168.225.43&apos;, os.name: &apos;Windows 8.1&apos;, os.arch: &apos;amd64&apos;, os.version: &apos;6.3&apos;, java.version: &apos;11.0.13&apos;
Driver info: org.openqa.selenium.chrome.ChromeDriver
Command: [2e5f301c729f5a4218f78c78b324b3d2, findElement {using=xpath, value=//*[contains(text(),&apos;School Name&apos;)]/following::input[@name=&apos;schoolName&apos;]}]
Capabilities {acceptInsecureCerts: false, browserName: chrome, browserVersion: 96.0.4664.110, chrome: {chromedriverVersion: 96.0.4664.35 (8df3babf8da8f..., userDataDir: C:\Users\NARENB~1\AppData\L...}, goog:chromeOptions: {debuggerAddress: localhost:53108}, javascriptEnabled: true, networkConnectionEnabled: false, pageLoadStrategy: normal, platform: WINDOWS, platformName: WINDOWS, proxy: Proxy(), se:cdp: ws://localhost:53108/devtoo..., se:cdpVersion: 96.0.4664.110, setWindowRect: true, strictFileInteractability: false, timeouts: {implicit: 0, pageLoad: 300000, script: 30000}, unhandledPromptBehavior: dismiss and notify, webauthn:extension:credBlob: true, webauthn:extension:largeBlob: true, webauthn:virtualAuthenticators: true}
Session ID: 2e5f301c729f5a4218f78c78b324b3d2
	at org.openqa.selenium.remote.codec.w3c.W3CHttpResponseCodec.createException(W3CHttpResponseCodec.java:200)
	at org.openqa.selenium.remote.codec.w3c.W3CHttpResponseCodec.decode(W3CHttpResponseCodec.java:133)
	at org.openqa.selenium.remote.codec.w3c.W3CHttpResponseCodec.decode(W3CHttpResponseCodec.java:53)
	at org.openqa.selenium.remote.HttpCommandExecutor.execute(HttpCommandExecutor.java:184)
	at org.openqa.selenium.remote.service.DriverCommandExecutor.invokeExecute(DriverCommandExecutor.java:164)
	at org.openqa.selenium.remote.service.DriverCommandExecutor.execute(DriverCommandExecutor.java:139)
	at org.openqa.selenium.remote.RemoteWebDriver.execute(RemoteWebDriver.java:559)
	at org.openqa.selenium.remote.ElementLocation$ElementFinder$2.findElement(ElementLocation.java:162)
	at org.openqa.selenium.remote.ElementLocation.findElement(ElementLocation.java:60)
	at org.openqa.selenium.remote.RemoteWebDriver.findElement(RemoteWebDriver.java:383)
	at org.openqa.selenium.remote.RemoteWebDriver.findElement(RemoteWebDriver.java:375)
	at org.openqa.selenium.support.pagefactory.DefaultElementLocator.findElement(DefaultElementLocator.java:70)
	at org.openqa.selenium.support.pagefactory.internal.LocatingElementHandler.invoke(LocatingElementHandler.java:39)
	at com.sun.proxy.$Proxy25.sendKeys(Unknown Source)
	at Tests.Sslc.validateNegativeTenthGradeInfo(Sslc.java:51)
	at java.base/java.util.ArrayList.forEach(ArrayList.java:1541)
... Removed 31 stack frames</div></td></tr></table><p class="totop"><a href="#summary">back to summary</a></p>
<h3 id="m10">Tests.Diploma#clickAddDetailsAndDiplomaButton</h3><table class="result"><tr><th>Messages</th></tr><tr><td><div class="messages">Entered into academic information<br/>Entered into Diploma</div></td></tr></table><p class="totop"><a href="#summary">back to summary</a></p>
<h3 id="m11">Tests.Diploma#validateNegativeDiplomaInfo</h3><table class="result"><tr><th>Messages</th></tr><tr><td><div class="messages">College Combo gets clicked<br/>College Combo value clicked<br/>University Combo gets clicked<br/>University Combo value clicked<br/>Field Of Study Combo gets clicked<br/>Field Of Study Combo value clicked<br/>Start Date entered<br/>End Date entered<br/>Grade Scale Combo gets clicked<br/>Grade Scale Combo value clicked<br/>CGPA entered<br/>Save button is clicked<br/>Failed to wait for en element 
Expected condition failed: waiting for presence of element located by: By.xpath: Please fill the required field (tried for 10 second(s) with 2000 milliseconds interval)<br/>Document is in ready state<br/>This page is not defined with JQuery<br/>Back to onboarding</div></td></tr></table><p class="totop"><a href="#summary">back to summary</a></p>
<h3 id="m12">Tests.PlusTwo#clickAddDetailsAndPlus2GradeButton</h3><table class="result"><tr><th>Messages</th></tr><tr><td><div class="messages">Entered into academic information<br/>Entered into 12th grade</div></td></tr></table><p class="totop"><a href="#summary">back to summary</a></p>
<h3 id="m13">Tests.PlusTwo#validateNegativePlus2GradeInfo</h3><table class="result"><tr><th>Messages</th></tr><tr><td><div class="messages">School Name Entered<br/>Examination Board Combo gets clicked<br/>Examination Board Combo value clicked<br/>Start Date entered<br/>End Date entered<br/>Upload file is clicked<br/>File is uploaded<br/>Save button is clicked<br/>Failed to wait for en element 
Expected condition failed: waiting for presence of element located by: By.xpath: Please fill the required field (tried for 10 second(s) with 2000 milliseconds interval)<br/>Document is in ready state<br/>This page is not defined with JQuery<br/>Back to onboarding</div></td></tr></table><p class="totop"><a href="#summary">back to summary</a></p>
<h3 id="m14">Tests.PostGraduate#clickAddDetailsAndPostGradGradeButton</h3><table class="result"><tr><th>Messages</th></tr><tr><td><div class="messages">Document is in ready state<br/>This page is not defined with JQuery<br/>Entered into academic information<br/>Entered into postgraduate</div></td></tr></table><p class="totop"><a href="#summary">back to summary</a></p>
<h3 id="m15">Tests.PostGraduate#validateNegativePostGradInfo</h3><table class="result"><tr><th>Messages</th></tr><tr><td><div class="messages">College Combo gets clicked<br/>College Combo value clicked<br/>University Combo gets clicked<br/>University Combo value clicked<br/>Field Of Study Combo gets clicked<br/>Field Of Study Combo value clicked<br/>Start Date entered<br/>End Date entered<br/>Grade Scale Combo gets clicked<br/>Grade Scale Combo value clicked<br/>CGPA entered<br/>Save button is clicked<br/>Failed to wait for en element 
Expected condition failed: waiting for presence of element located by: By.xpath: Please fill the required field (tried for 10 second(s) with 2000 milliseconds interval)</div></td></tr></table><p class="totop"><a href="#summary">back to summary</a></p>
<h3 id="m16">Tests.UnderGraduate#clickAddDetailsAndUnderGradGradeButton</h3><table class="result"><tr><th>Messages</th></tr><tr><td><div class="messages">Entered into academic information<br/>Entered into undergraduate</div></td></tr></table><p class="totop"><a href="#summary">back to summary</a></p>
<h3 id="m17">Tests.UnderGraduate#validateNegativeUnderGradInfo</h3><table class="result"><tr><th>Messages</th></tr><tr><td><div class="messages">College Combo gets clicked<br/>College Combo value clicked<br/>University Combo gets clicked<br/>University Combo value clicked<br/>Field Of Study Combo gets clicked<br/>Field Of Study Combo value clicked<br/>Start Date entered<br/>End Date entered<br/>Grade Scale Combo gets clicked<br/>Grade Scale Combo value clicked<br/>CGPA entered<br/>Save button is clicked<br/>Failed to wait for en element 
Expected condition failed: waiting for presence of element located by: By.xpath: Please fill the required field (tried for 10 second(s) with 2000 milliseconds interval)<br/>Document is in ready state<br/>This page is not defined with JQuery<br/>Back to onboarding</div></td></tr></table><p class="totop"><a href="#summary">back to summary</a></p>
</body>
</html>
